<?xml version="1.0" encoding="UTF-8"?>
<testsuite xmlns:xsi="http://www.w3.org/2001/XMLSchema-instance" xsi:noNamespaceSchemaLocation="https://maven.apache.org/surefire/maven-surefire-plugin/xsd/surefire-test-report-3.0.xsd" version="3.0" name="com.microservice.test.TestApplicationTests" time="5.416" tests="1" errors="0" skipped="0" failures="0">
  <properties>
[...]
</properties>
  <testcase name="contextLoads" classname="com.microservice.test.TestApplicationTests" time="1.68">
    <system-out><![CDATA[22:53:30.509 [main] INFO org.springframework.test.context.support.AnnotationConfigContextLoaderUtils -- Could not detect default configuration classes for test class [com.microservice.test.TestApplicationTests]: TestApplicationTests does not declare any static, non-private, non-final, nested classes annotated with @Configuration.
22:53:30.754 [main] INFO org.springframework.boot.test.context.SpringBootTestContextBootstrapper -- Found @SpringBootConfiguration com.microservice.test.TestApplication for test class com.microservice.test.TestApplicationTests
  .   ____          _            __ _ _
 /\\ / ___'_ __ _ _(_)_ __  __ _ \ \ \ \
( ( )\___ | '_ | '_| | '_ \/ _` | \ \ \ \
 \\/  ___)| |_)| | | | | || (_| |  ) ) ) )
  '  |____| .__|_| |_|_| |_\__, | / / / /
 =========|_|==============|___/=/_/_/_/

 :: Spring Boot ::            (v3.3.0-RC1)

2024-04-19T22:53:31.729-05:00  INFO 14316 --- [test] [           main] c.m.test.TestApplicationTests            : Starting TestApplicationTests using Java 17.0.9 with PID 14316 (started by omarl in C:\Users\omarl\OneDrive\Documentos\dockerjava\test)
2024-04-19T22:53:31.732-05:00  INFO 14316 --- [test] [           main] c.m.test.TestApplicationTests            : No active profile set, falling back to 1 default profile: "default"
2024-04-19T22:53:33.888-05:00  INFO 14316 --- [test] [           main] c.m.test.TestApplicationTests            : Started TestApplicationTests in 2.809 seconds (process running for 4.674)
]]></system-out>
  </testcase>
</testsuite>